<?xml version="1.0" encoding="UTF-8"?>
<!-- Generated by org.testng.reporters.JUnitXMLReporter -->
<testsuite ignored="0" hostname="DESKTOP-BPBTH50" failures="0" tests="6" name="ChromeTest" time="48.54" errors="0" timestamp="2025-08-04T16:56:54 EEST">
  <testcase classname="codenbox.testCases.LoginDataDrivenTest_2" name="verify_loginDDT_2" time="6.231"/>
  <testcase classname="codenbox.testCases.LoginDataDrivenTest_2" name="verify_loginDDT_2" time="5.577"/>
  <testcase classname="codenbox.testCases.LoginDataDrivenTest_2" name="verify_loginDDT_2" time="5.663"/>
  <testcase classname="codenbox.testCases.LoginDataDrivenTest_2" name="verify_loginDDT_2" time="5.585"/>
  <testcase classname="codenbox.testCases.LoginDataDrivenTest_2" name="verify_loginDDT_2" time="1.835"/>
  <testcase classname="codenbox.testCases.LoginDataDrivenTest_2" name="verify_loginDDT_2" time="6.122"/>
</testsuite> <!-- ChromeTest -->
