<?xml version="1.0" encoding="UTF-8"?>
<!-- Generated by org.testng.reporters.JUnitXMLReporter -->
<testsuite ignored="0" hostname="DESKTOP-BPBTH50" failures="0" tests="6" name="ChromeTest" time="45.973" errors="0" timestamp="2025-08-26T14:31:39 EEST">
  <testcase classname="codenbox.testCases.LoginDataDrivenTest_2" name="verify_loginDDT_2" time="5.642"/>
  <testcase classname="codenbox.testCases.LoginDataDrivenTest_2" name="verify_loginDDT_2" time="5.609"/>
  <testcase classname="codenbox.testCases.LoginDataDrivenTest_2" name="verify_loginDDT_2" time="5.594"/>
  <testcase classname="codenbox.testCases.LoginDataDrivenTest_2" name="verify_loginDDT_2" time="5.558"/>
  <testcase classname="codenbox.testCases.LoginDataDrivenTest_2" name="verify_loginDDT_2" time="2.07"/>
  <testcase classname="codenbox.testCases.LoginDataDrivenTest_2" name="verify_loginDDT_2" time="5.565"/>
</testsuite> <!-- ChromeTest -->
