<?xml version="1.0" encoding="UTF-8"?>
<testng-results ignored="0" total="3" passed="3" failed="0" skipped="0">
  <reporter-output>
  </reporter-output>
  <suite started-at="2025-08-14T14:53:48 EEST" name="Suite" finished-at="2025-08-14T14:53:56 EEST" duration-ms="8210">
    <groups>
      <group name="Regression">
        <method signature="HomeTest.homeAccount()[pri:0, instance:codenbox.testCases.HomeTest@6c2c1385]" name="homeAccount" class="codenbox.testCases.HomeTest"/>
        <method signature="LoginTest.verify_login()[pri:0, instance:codenbox.testCases.LoginTest@7a1a14a4]" name="verify_login" class="codenbox.testCases.LoginTest"/>
      </group> <!-- Regression -->
    </groups>
    <test started-at="2025-08-14T14:53:48 EEST" name="Test" finished-at="2025-08-14T14:53:56 EEST" duration-ms="8210">
      <class name="codenbox.testCases.HomeTest">
        <test-method is-config="true" signature="setUp(java.lang.String)[pri:0, instance:codenbox.testCases.HomeTest@6c2c1385]" started-at="2025-08-14T14:53:48 EEST" name="setUp" finished-at="2025-08-14T14:53:51 EEST" duration-ms="2849" status="PASS">
          <params>
            <param index="0">
              <value>
                <![CDATA[chrome]]>
              </value>
            </param>
          </params>
          <reporter-output>
          </reporter-output>
        </test-method> <!-- setUp -->
        <test-method signature="homeAccount()[pri:0, instance:codenbox.testCases.HomeTest@6c2c1385]" started-at="2025-08-14T14:53:51 EEST" name="homeAccount" finished-at="2025-08-14T14:53:52 EEST" duration-ms="587" status="PASS">
          <reporter-output>
          </reporter-output>
        </test-method> <!-- homeAccount -->
        <test-method is-config="true" signature="tearDown()[pri:0, instance:codenbox.testCases.HomeTest@6c2c1385]" started-at="2025-08-14T14:53:52 EEST" name="tearDown" finished-at="2025-08-14T14:53:52 EEST" duration-ms="114" status="PASS">
          <reporter-output>
          </reporter-output>
        </test-method> <!-- tearDown -->
      </class> <!-- codenbox.testCases.HomeTest -->
      <class name="codenbox.testCases.LoginTest">
        <test-method is-config="true" signature="setUp(java.lang.String)[pri:0, instance:codenbox.testCases.LoginTest@7a1a14a4]" started-at="2025-08-14T14:53:52 EEST" name="setUp" finished-at="2025-08-14T14:53:54 EEST" duration-ms="2459" status="PASS">
          <params>
            <param index="0">
              <value>
                <![CDATA[chrome]]>
              </value>
            </param>
          </params>
          <reporter-output>
          </reporter-output>
        </test-method> <!-- setUp -->
        <test-method signature="verify_login()[pri:0, instance:codenbox.testCases.LoginTest@7a1a14a4]" started-at="2025-08-14T14:53:54 EEST" name="verify_login" finished-at="2025-08-14T14:53:56 EEST" duration-ms="1946" status="PASS">
          <reporter-output>
          </reporter-output>
        </test-method> <!-- verify_login -->
        <test-method is-config="true" signature="tearDown()[pri:0, instance:codenbox.testCases.LoginTest@7a1a14a4]" started-at="2025-08-14T14:53:56 EEST" name="tearDown" finished-at="2025-08-14T14:53:56 EEST" duration-ms="111" status="PASS">
          <reporter-output>
          </reporter-output>
        </test-method> <!-- tearDown -->
      </class> <!-- codenbox.testCases.LoginTest -->
    </test> <!-- Test -->
  </suite> <!-- Suite -->
  <suite started-at="2025-08-14T14:53:57 EEST" name="Suite (0)" finished-at="2025-08-14T14:54:02 EEST" duration-ms="4548">
    <groups>
    </groups>
    <test started-at="2025-08-14T14:53:57 EEST" name="Test" finished-at="2025-08-14T14:54:02 EEST" duration-ms="4548">
      <class name="codenbox.testCases.RegistrationTest">
        <test-method is-config="true" signature="setUp(java.lang.String)[pri:0, instance:codenbox.testCases.RegistrationTest@1608bcbd]" started-at="2025-08-14T14:53:57 EEST" name="setUp" finished-at="2025-08-14T14:54:00 EEST" duration-ms="2394" status="PASS">
          <params>
            <param index="0">
              <value>
                <![CDATA[chrome]]>
              </value>
            </param>
          </params>
          <reporter-output>
          </reporter-output>
        </test-method> <!-- setUp -->
        <test-method signature="verify_refistration()[pri:0, instance:codenbox.testCases.RegistrationTest@1608bcbd]" started-at="2025-08-14T14:54:00 EEST" name="verify_refistration" finished-at="2025-08-14T14:54:02 EEST" duration-ms="2029" status="PASS">
          <reporter-output>
          </reporter-output>
        </test-method> <!-- verify_refistration -->
        <test-method is-config="true" signature="tearDown()[pri:0, instance:codenbox.testCases.RegistrationTest@1608bcbd]" started-at="2025-08-14T14:54:02 EEST" name="tearDown" finished-at="2025-08-14T14:54:02 EEST" duration-ms="123" status="PASS">
          <reporter-output>
          </reporter-output>
        </test-method> <!-- tearDown -->
      </class> <!-- codenbox.testCases.RegistrationTest -->
    </test> <!-- Test -->
  </suite> <!-- Suite (0) -->
</testng-results>
