<?xml version="1.0" encoding="UTF-8"?>
<testng-results ignored="0" total="2" passed="2" failed="0" skipped="0">
  <reporter-output>
  </reporter-output>
  <suite started-at="2025-08-06T10:12:57 EEST" name="Suite" finished-at="2025-08-06T10:13:07 EEST" duration-ms="10326">
    <groups>
      <group name="Regression">
        <method signature="HomeTest.homeAccount()[pri:0, instance:codenbox.testCases.HomeTest@558bdf1f]" name="homeAccount" class="codenbox.testCases.HomeTest"/>
        <method signature="LoginTest.verify_login()[pri:0, instance:codenbox.testCases.LoginTest@6ccdb29f]" name="verify_login" class="codenbox.testCases.LoginTest"/>
      </group> <!-- Regression -->
    </groups>
    <test started-at="2025-08-06T10:12:57 EEST" name="Test" finished-at="2025-08-06T10:13:07 EEST" duration-ms="10326">
      <class name="codenbox.testCases.HomeTest">
        <test-method is-config="true" signature="setUp(java.lang.String)[pri:0, instance:codenbox.testCases.HomeTest@558bdf1f]" started-at="2025-08-06T10:12:57 EEST" name="setUp" finished-at="2025-08-06T10:13:00 EEST" duration-ms="3129" status="PASS">
          <params>
            <param index="0">
              <value>
                <![CDATA[chromeheadless]]>
              </value>
            </param>
          </params>
          <reporter-output>
          </reporter-output>
        </test-method> <!-- setUp -->
        <test-method signature="homeAccount()[pri:0, instance:codenbox.testCases.HomeTest@558bdf1f]" started-at="2025-08-06T10:13:00 EEST" name="homeAccount" finished-at="2025-08-06T10:13:00 EEST" duration-ms="578" status="PASS">
          <reporter-output>
          </reporter-output>
        </test-method> <!-- homeAccount -->
        <test-method is-config="true" signature="tearDown()[pri:0, instance:codenbox.testCases.HomeTest@558bdf1f]" started-at="2025-08-06T10:13:00 EEST" name="tearDown" finished-at="2025-08-06T10:13:00 EEST" duration-ms="126" status="PASS">
          <reporter-output>
          </reporter-output>
        </test-method> <!-- tearDown -->
      </class> <!-- codenbox.testCases.HomeTest -->
      <class name="codenbox.testCases.LoginTest">
        <test-method is-config="true" signature="setUp(java.lang.String)[pri:0, instance:codenbox.testCases.LoginTest@6ccdb29f]" started-at="2025-08-06T10:13:00 EEST" name="setUp" finished-at="2025-08-06T10:13:03 EEST" duration-ms="2821" status="PASS">
          <params>
            <param index="0">
              <value>
                <![CDATA[chromeheadless]]>
              </value>
            </param>
          </params>
          <reporter-output>
          </reporter-output>
        </test-method> <!-- setUp -->
        <test-method signature="verify_login()[pri:0, instance:codenbox.testCases.LoginTest@6ccdb29f]" started-at="2025-08-06T10:13:03 EEST" name="verify_login" finished-at="2025-08-06T10:13:07 EEST" duration-ms="3403" status="PASS">
          <reporter-output>
          </reporter-output>
        </test-method> <!-- verify_login -->
        <test-method is-config="true" signature="tearDown()[pri:0, instance:codenbox.testCases.LoginTest@6ccdb29f]" started-at="2025-08-06T10:13:07 EEST" name="tearDown" finished-at="2025-08-06T10:13:07 EEST" duration-ms="111" status="PASS">
          <reporter-output>
          </reporter-output>
        </test-method> <!-- tearDown -->
      </class> <!-- codenbox.testCases.LoginTest -->
    </test> <!-- Test -->
  </suite> <!-- Suite -->
</testng-results>
