<?xml version="1.0" encoding="UTF-8"?>
<testng-results ignored="0" total="2" passed="2" failed="0" skipped="0">
  <reporter-output>
  </reporter-output>
  <suite started-at="2025-08-06T06:55:17 EEST" name="Suite" finished-at="2025-08-06T06:55:25 EEST" duration-ms="8617">
    <groups>
      <group name="Regression">
        <method signature="HomeTest.homeAccount()[pri:0, instance:codenbox.testCases.HomeTest@4b6e2263]" name="homeAccount" class="codenbox.testCases.HomeTest"/>
        <method signature="LoginTest.verify_login()[pri:0, instance:codenbox.testCases.LoginTest@289710d9]" name="verify_login" class="codenbox.testCases.LoginTest"/>
      </group> <!-- Regression -->
    </groups>
    <test started-at="2025-08-06T06:55:17 EEST" name="Test" finished-at="2025-08-06T06:55:25 EEST" duration-ms="8617">
      <class name="codenbox.testCases.HomeTest">
        <test-method is-config="true" signature="setUp(java.lang.String)[pri:0, instance:codenbox.testCases.HomeTest@4b6e2263]" started-at="2025-08-06T06:55:17 EEST" name="setUp" finished-at="2025-08-06T06:55:20 EEST" duration-ms="3025" status="PASS">
          <params>
            <param index="0">
              <value>
                <![CDATA[chrome]]>
              </value>
            </param>
          </params>
          <reporter-output>
          </reporter-output>
        </test-method> <!-- setUp -->
        <test-method signature="homeAccount()[pri:0, instance:codenbox.testCases.HomeTest@4b6e2263]" started-at="2025-08-06T06:55:20 EEST" name="homeAccount" finished-at="2025-08-06T06:55:21 EEST" duration-ms="581" status="PASS">
          <reporter-output>
          </reporter-output>
        </test-method> <!-- homeAccount -->
        <test-method is-config="true" signature="tearDown()[pri:0, instance:codenbox.testCases.HomeTest@4b6e2263]" started-at="2025-08-06T06:55:21 EEST" name="tearDown" finished-at="2025-08-06T06:55:21 EEST" duration-ms="128" status="PASS">
          <reporter-output>
          </reporter-output>
        </test-method> <!-- tearDown -->
      </class> <!-- codenbox.testCases.HomeTest -->
      <class name="codenbox.testCases.LoginTest">
        <test-method is-config="true" signature="setUp(java.lang.String)[pri:0, instance:codenbox.testCases.LoginTest@289710d9]" started-at="2025-08-06T06:55:21 EEST" name="setUp" finished-at="2025-08-06T06:55:23 EEST" duration-ms="2642" status="PASS">
          <params>
            <param index="0">
              <value>
                <![CDATA[chrome]]>
              </value>
            </param>
          </params>
          <reporter-output>
          </reporter-output>
        </test-method> <!-- setUp -->
        <test-method signature="verify_login()[pri:0, instance:codenbox.testCases.LoginTest@289710d9]" started-at="2025-08-06T06:55:23 EEST" name="verify_login" finished-at="2025-08-06T06:55:25 EEST" duration-ms="1931" status="PASS">
          <reporter-output>
          </reporter-output>
        </test-method> <!-- verify_login -->
        <test-method is-config="true" signature="tearDown()[pri:0, instance:codenbox.testCases.LoginTest@289710d9]" started-at="2025-08-06T06:55:25 EEST" name="tearDown" finished-at="2025-08-06T06:55:25 EEST" duration-ms="121" status="PASS">
          <reporter-output>
          </reporter-output>
        </test-method> <!-- tearDown -->
      </class> <!-- codenbox.testCases.LoginTest -->
    </test> <!-- Test -->
  </suite> <!-- Suite -->
</testng-results>
